<?xml version="1.0" encoding="UTF-8"?>
<testsuites name="jest tests" tests="1" failures="0" errors="0" time="1.193">
  <testsuite name="Input" errors="0" failures="0" skipped="0" timestamp="2023-07-05T13:34:05" time="0.691" tests="1">
    <testcase classname="Input It renders Input" name="Input It renders Input" time="0.034">
    </testcase>
  </testsuite>
</testsuites>